<?xml version="1.0" encoding="UTF-8"?>
<testng-results ignored="0" total="2" passed="2" failed="0" skipped="0">
  <reporter-output>
  </reporter-output>
  <suite started-at="2021-07-20T14:48:19Z" name="Command line suite" finished-at="2021-07-20T14:49:12Z" duration-ms="52905">
    <groups>
      <group name="cucumber">
        <method signature="AbstractTestNGCucumberTests.runScenario(io.cucumber.testng.PickleWrapper, io.cucumber.testng.FeatureWrapper)[pri:0, instance:testrunners.ParallelRun@7cd62f43]" name="runScenario" class="io.cucumber.testng.AbstractTestNGCucumberTests"/>
      </group> <!-- cucumber -->
    </groups>
    <test started-at="2021-07-20T14:48:19Z" name="Command line test" finished-at="2021-07-20T14:49:12Z" duration-ms="52905">
      <class name="testrunners.ParallelRun">
        <test-method is-config="true" signature="setUpClass()[pri:0, instance:testrunners.ParallelRun@7cd62f43]" started-at="2021-07-20T14:48:19Z" name="setUpClass" finished-at="2021-07-20T14:48:19Z" duration-ms="371" status="PASS">
          <reporter-output>
          </reporter-output>
        </test-method> <!-- setUpClass -->
        <test-method signature="runScenario(io.cucumber.testng.PickleWrapper, io.cucumber.testng.FeatureWrapper)[pri:0, instance:testrunners.ParallelRun@7cd62f43]" started-at="2021-07-20T14:48:19Z" name="runScenario" description="Runs Cucumber Scenarios" data-provider="scenarios" finished-at="2021-07-20T14:48:36Z" duration-ms="16868" status="PASS">
          <params>
            <param index="0">
              <value>
                <![CDATA["Verify top menu items"]]>
              </value>
            </param>
            <param index="1">
              <value>
                <![CDATA["Optional[Create a deal]"]]>
              </value>
            </param>
          </params>
          <reporter-output>
          </reporter-output>
        </test-method> <!-- runScenario -->
        <test-method signature="runScenario(io.cucumber.testng.PickleWrapper, io.cucumber.testng.FeatureWrapper)[pri:0, instance:testrunners.ParallelRun@7cd62f43]" started-at="2021-07-20T14:48:19Z" name="runScenario" description="Runs Cucumber Scenarios" data-provider="scenarios" finished-at="2021-07-20T14:49:11Z" duration-ms="52414" status="PASS">
          <params>
            <param index="0">
              <value>
                <![CDATA["Create and verify a recommended personal liability deal"]]>
              </value>
            </param>
            <param index="1">
              <value>
                <![CDATA["Optional[Create a deal]"]]>
              </value>
            </param>
          </params>
          <reporter-output>
          </reporter-output>
        </test-method> <!-- runScenario -->
        <test-method is-config="true" signature="tearDownClass()[pri:0, instance:testrunners.ParallelRun@7cd62f43]" started-at="2021-07-20T14:49:11Z" name="tearDownClass" finished-at="2021-07-20T14:49:12Z" duration-ms="108" status="PASS">
          <reporter-output>
          </reporter-output>
        </test-method> <!-- tearDownClass -->
      </class> <!-- testrunners.ParallelRun -->
    </test> <!-- Command line test -->
  </suite> <!-- Command line suite -->
</testng-results>
